---------- Date: 2016-09-06 03:06:41 ~ IP : 66.249.64.45 ----------
REQUEST URI : /adidas-sl22-trainer-16-whiteblue-cricket-shoes
MOD DETAILS:
   modFile   : /home/footlounge/public_html/vqmod/xml/getproduct_category.xml
   id        : Add google analytics ecommerce tracking code
   version   : 2.2 for OpenCart 1.5.0.x - 1.5.6.x
   vqmver    : 2.x
   author    : support@extensadev.com

File Name    : catalog/view/theme/*/template/product/product.tpl(0)
VQModObject::applyMod - SEARCH NOT FOUND (ABORTING MOD): 'http://www.footlounge.in/index.php?route=information/information&information_id=7#<?php echo $manufacturer; ?>'

File Name    : catalog/view/theme/*/template/product/product.tpl(0)
VQModObject::applyMod - SEARCH NOT FOUND (ABORTING MOD): 'http://www.footlounge.in/betademo/index.php?route=information/information&information_id=7#<?php echo $manufacturer; ?>'
MOD DETAILS:
   modFile   : /home/footlounge/public_html/vqmod/xml/pavdeals.xml
   id        : Pavo Deals
   version   : 1.0.0
   vqmver    : 2.3.0
   author    : Themes

File Name    : catalog/view/theme/*/template/product/product.tpl(0)
VQModObject::applyMod - SEARCH NOT FOUND (ABORTING MOD): <?php if ($profiles): ?>

----------------------------------------------------------------------


---------- Date: 2016-09-06 03:20:09 ~ IP : 122.174.56.92 ----------
REQUEST URI : /adidas-kerio-leather-20-black-sandals
MOD DETAILS:
   modFile   : /home/footlounge/public_html/vqmod/xml/getproduct_category.xml
   id        : Add google analytics ecommerce tracking code
   version   : 2.2 for OpenCart 1.5.0.x - 1.5.6.x
   vqmver    : 2.x
   author    : support@extensadev.com

File Name    : catalog/view/theme/*/template/product/product.tpl(0)
VQModObject::applyMod - SEARCH NOT FOUND (ABORTING MOD): 'http://www.footlounge.in/index.php?route=information/information&information_id=7#<?php echo $manufacturer; ?>'

File Name    : catalog/view/theme/*/template/product/product.tpl(0)
VQModObject::applyMod - SEARCH NOT FOUND (ABORTING MOD): 'http://www.footlounge.in/betademo/index.php?route=information/information&information_id=7#<?php echo $manufacturer; ?>'
MOD DETAILS:
   modFile   : /home/footlounge/public_html/vqmod/xml/pavdeals.xml
   id        : Pavo Deals
   version   : 1.0.0
   vqmver    : 2.3.0
   author    : Themes

File Name    : catalog/view/theme/*/template/product/product.tpl(0)
VQModObject::applyMod - SEARCH NOT FOUND (ABORTING MOD): <?php if ($profiles): ?>

----------------------------------------------------------------------


---------- Date: 2016-09-06 03:30:33 ~ IP : 66.249.64.45 ----------
REQUEST URI : /adidas-galaxy-2-m-silver-running-shoes
MOD DETAILS:
   modFile   : /home/footlounge/public_html/vqmod/xml/getproduct_category.xml
   id        : Add google analytics ecommerce tracking code
   version   : 2.2 for OpenCart 1.5.0.x - 1.5.6.x
   vqmver    : 2.x
   author    : support@extensadev.com

File Name    : catalog/view/theme/*/template/product/product.tpl(0)
VQModObject::applyMod - SEARCH NOT FOUND (ABORTING MOD): 'http://www.footlounge.in/index.php?route=information/information&information_id=7#<?php echo $manufacturer; ?>'

File Name    : catalog/view/theme/*/template/product/product.tpl(0)
VQModObject::applyMod - SEARCH NOT FOUND (ABORTING MOD): 'http://www.footlounge.in/betademo/index.php?route=information/information&information_id=7#<?php echo $manufacturer; ?>'
MOD DETAILS:
   modFile   : /home/footlounge/public_html/vqmod/xml/pavdeals.xml
   id        : Pavo Deals
   version   : 1.0.0
   vqmver    : 2.3.0
   author    : Themes

File Name    : catalog/view/theme/*/template/product/product.tpl(0)
VQModObject::applyMod - SEARCH NOT FOUND (ABORTING MOD): <?php if ($profiles): ?>

----------------------------------------------------------------------


